Number of training patterns: 263
Input and output dimensions: 41, 10
Hidden neurons: 5
First sample (input, target, class):
Total error:  0.120075468608
Total error:  0.0502094387025
Total error:  0.0456264324622
Total error:  0.0426470053549
Total error:  0.0407959958974
Total error:  0.0391062135311
Total error:  0.0378339391971
Total error:  0.0370400031815
Total error:  0.0361146161844
Total error:  0.0354419614321
('epoch:   10', '  train error: 49.43%', '  test error: 51.72%')
[ 0.4692648   0.42707026  0.05737781  0.74380297 -0.04308823 -0.16862723
 -0.13017669  0.82488173  0.50243705 -0.19814309]
Total error:  0.0348326026488
Total error:  0.0342793863307
Total error:  0.0338889599103
Total error:  0.0334687028014
Total error:  0.0330521722243
Total error:  0.0326913934768
Total error:  0.0324449089104
Total error:  0.032232904938
Total error:  0.0319108585575
Total error:  0.0317895971951
('epoch:   20', '  train error: 19.77%', '  test error: 20.69%')
[ 0.37851285  0.23885366  0.00946608  0.58536145 -0.03133402 -0.12420825
 -0.1390786   0.65788753  0.41143107 -0.11322854]
Total error:  0.0314943872339
Total error:  0.0312074236809
Total error:  0.0311782634896
Total error:  0.031109829208
Total error:  0.0308386849395
Total error:  0.0306551000315
Total error:  0.0307185950829
Total error:  0.0304901093996
Total error:  0.0304315991328
Total error:  0.0303410104164
('epoch:   30', '  train error: 19.39%', '  test error: 21.84%')
[ 0.28852719  0.10506609 -0.09093715  0.47776681 -0.07365378 -0.00379375
 -0.1039464   0.56504753  0.38137621 -0.02566112]
Total error:  0.0300689774546
Total error:  0.030235505419
Total error:  0.0298969762097
Total error:  0.029935939243
Total error:  0.0297437011351
Total error:  0.0297116116981
Total error:  0.029666258877
Total error:  0.0295118092241
Total error:  0.0293895784004
Total error:  0.0293530095516
('epoch:   40', '  train error: 11.03%', '  test error:  6.90%')
[ 0.27556808  0.09626202 -0.15885164  0.42159231 -0.10103334  0.00629001
 -0.10515894  0.44501731  0.37228029  0.03528878]
Total error:  0.0292005363785
Total error:  0.0292376209461
Total error:  0.0291017367789
Total error:  0.0291107041536
Total error:  0.0289751533328
Total error:  0.0289223988224
Total error:  0.0288830269678
Total error:  0.0288285077365
Total error:  0.0287418921302
Total error:  0.0287483997194
('epoch:   50', '  train error: 21.29%', '  test error: 16.09%')
[ 0.17064703  0.01991817 -0.20533437  0.42588755 -0.09144614  0.05892545
 -0.06995693  0.37611482  0.34967249  0.10949822]
Total error:  0.0284382383662
Total error:  0.0284766621896
Total error:  0.0284212271
Total error:  0.0284450406664
Total error:  0.028321341735
Total error:  0.0284095672957
Total error:  0.0282976359219
Total error:  0.0282724230779
Total error:  0.0282035570949
Total error:  0.0281445826439
('epoch:   60', '  train error: 11.03%', '  test error:  6.90%')
[ 0.16464502  0.02327477 -0.23335689  0.39974914 -0.07792156  0.050909
 -0.06128081  0.3369629   0.36917369  0.10090538]
Total error:  0.0280878766648
Total error:  0.0280790325072
Total error:  0.0278875701749
Total error:  0.0279690423922
Total error:  0.0278957182212
Total error:  0.0279369273828
Total error:  0.0278273295899
Total error:  0.0277832156348
Total error:  0.0277958426566
Total error:  0.0278002154844
('epoch:   70', '  train error: 10.27%', '  test error:  9.20%')
[ 0.14578634 -0.00873616 -0.23729309  0.38734138 -0.03782887  0.07985767
 -0.05942862  0.31774837  0.32916735  0.12424743]
Total error:  0.0276857859275
Total error:  0.0276767421197
Total error:  0.0276922018253
Total error:  0.0275703694026
Total error:  0.0276038576419
Total error:  0.0275522047287
Total error:  0.0274465644899
Total error:  0.027414547845
Total error:  0.0274259688997
Total error:  0.027482161278
('epoch:   80', '  train error: 10.27%', '  test error:  9.20%')
[ 0.11924837  0.02952083 -0.27921032  0.3352874   0.00874874  0.10232097
 -0.03892108  0.30369787  0.3124612   0.1374953 ]
Total error:  0.0273520879041
Total error:  0.0273484048023
Total error:  0.0272907079908
Total error:  0.0272604770876
Total error:  0.0273197986528
Total error:  0.0272455769355
Total error:  0.0271604240962
Total error:  0.0272040095695
Total error:  0.0270490850204
Total error:  0.027239020336
('epoch:   90', '  train error: 10.27%', '  test error:  9.20%')
[ 0.10162689 -0.01002879 -0.19897705  0.35197089 -0.03235104  0.09679476
 -0.01882824  0.28533204  0.31122418  0.13768583]
Total error:  0.0271254628156
Total error:  0.0270626246688
Total error:  0.0270841215774
Total error:  0.0268676022809
Total error:  0.0270230210488
Total error:  0.0269289358764
Total error:  0.02682690343
Total error:  0.0269306474168
Total error:  0.0268975678779
Total error:  0.0267085757165
('epoch:  100', '  train error: 10.27%', '  test error:  9.20%')
[ 0.09776622 -0.03311708 -0.1705482   0.30645899 -0.06562953  0.1179747
 -0.00823059  0.3165663   0.34400558  0.1171017 ]
Total error:  0.0268672181601
Total error:  0.0268018896736
Total error:  0.0266225577903
Total error:  0.0267188373237
Total error:  0.0266834417829
Total error:  0.0266837524435
Total error:  0.0266091531988
Total error:  0.0266180458672
Total error:  0.026470052993
Total error:  0.0265203171632
('epoch:  110', '  train error: 10.27%', '  test error:  9.20%')
[ 0.13147568  0.00484497 -0.20348921  0.32885014  0.0387698   0.09476519
 -0.02300162  0.24286478  0.28997598  0.12601436]
Total error:  0.0264633974549
Total error:  0.0264643952942
Total error:  0.0264820928939
Total error:  0.0264539994919
Total error:  0.0263212326598
Total error:  0.0264389083021
Total error:  0.0262749279398
Total error:  0.0262216969644
Total error:  0.0262594935238
Total error:  0.0263251010251
('epoch:  120', '  train error: 10.27%', '  test error:  9.20%')
[ 0.13737136 -0.04129179 -0.1999208   0.34615076  0.01633542  0.13891561
 -0.00496261  0.25145657  0.26904429  0.12128022]
Total error:  0.0261422978939
Total error:  0.0262050607696
Total error:  0.0261514610327
Total error:  0.0261345286042
Total error:  0.0261413452122
Total error:  0.0260557611052
Total error:  0.0260810991057
Total error:  0.0258678997234
Total error:  0.0259758508868
Total error:  0.0258891628373
('epoch:  130', '  train error: 10.27%', '  test error:  9.20%')
[ 0.12318884 -0.02940202 -0.17471451  0.31250995  0.1028269   0.10356022
 -0.03745737  0.2385105   0.2589252   0.1427099 ]
Total error:  0.0258028452511
Total error:  0.0258105914294
Total error:  0.025787967313
Total error:  0.025920398431
Total error:  0.0257661312246
Total error:  0.02579590222
Total error:  0.0256858610489
Total error:  0.0256550470615
Total error:  0.0256722374685
Total error:  0.0256719581695
('epoch:  140', '  train error: 11.03%', '  test error:  6.90%')
[ 0.15790832 -0.03344395 -0.17089544  0.30650012  0.0557815   0.12973579
  0.00322901  0.28991031  0.22398132  0.08312404]
Total error:  0.0256976580912
Total error:  0.0256497353558
Total error:  0.0255870378013
Total error:  0.0256606588678
Total error:  0.0255281246125
Total error:  0.0254959327575
Total error:  0.0254654430634
Total error:  0.0253662918356
Total error:  0.0254798099195
Total error:  0.0253381112396
('epoch:  150', '  train error: 10.27%', '  test error:  9.20%')
[ 0.08913885 -0.06061658 -0.13314282  0.29255426  0.10158758  0.14574133
 -0.0453204   0.26947553  0.22033172  0.16348654]
Total error:  0.0254626562226
Total error:  0.0253225356363
Total error:  0.0253890539226
Total error:  0.0254064954538
Total error:  0.0253370666511
Total error:  0.025253081745
Total error:  0.0252945214842
Total error:  0.0252785695265
Total error:  0.0253223707965
Total error:  0.0252969559677
('epoch:  160', '  train error: 10.27%', '  test error:  9.20%')
[ 0.11040657 -0.08601058 -0.11897135  0.32210739  0.07593114  0.13399274
 -0.02067488  0.25182244  0.24296654  0.1413398 ]
Total error:  0.025206474936
Total error:  0.0251788422848
Total error:  0.0252196215717
Total error:  0.0252060381206
Total error:  0.0250866903962
Total error:  0.0250819286897
Total error:  0.0251522098591
Total error:  0.0250848272044
Total error:  0.0250132756575
Total error:  0.0250605105228
('epoch:  170', '  train error: 10.27%', '  test error:  9.20%')
[ 0.10445949 -0.03462343 -0.13008084  0.29794979  0.06468401  0.11958894
 -0.04575232  0.26521472  0.23894741  0.17444552]
Total error:  0.0250388935586
Total error:  0.025036001057
Total error:  0.0249713964202
Total error:  0.0248575654614
Total error:  0.0249417634417
Total error:  0.0250199445054
Total error:  0.0249083058807
Total error:  0.0248790784659
Total error:  0.0249863381356
Total error:  0.024928510247
('epoch:  180', '  train error: 10.27%', '  test error:  9.20%')
[ 0.09517515 -0.07293687 -0.10002147  0.286762    0.07743747  0.14650796
 -0.0335956   0.28236268  0.24345529  0.12859431]
Total error:  0.0248777428194
Total error:  0.0248279117927
Total error:  0.0249049257528
Total error:  0.0249209912298
Total error:  0.0248311985292
Total error:  0.0249627651529
Total error:  0.0247554236023
Total error:  0.0248210647423
Total error:  0.0247879924807
Total error:  0.0248167081537
('epoch:  190', '  train error: 19.77%', '  test error: 20.69%')
[ 0.10170171 -0.07112003 -0.0706934   0.3053137   0.060068    0.13325959
 -0.02841502  0.31485732  0.19123164  0.11957505]
Total error:  0.0247739449861
Total error:  0.0247921070219
Total error:  0.0247655834377
Total error:  0.0248020475315
Total error:  0.0247380546857
Total error:  0.0247478395885
Total error:  0.0247218093634
Total error:  0.0246826009867
Total error:  0.0246915427818
Total error:  0.0248016196076
('epoch:  200', '  train error: 19.77%', '  test error: 20.69%')
[ 0.10154006 -0.06022115 -0.08084365  0.29309201  0.05572394  0.13813989
 -0.03979827  0.3375251   0.19081978  0.11876233]
[-0.02514104  0.03977391 -0.04141718  0.25423097  0.10556959  0.18309802
  0.14028185  0.12912948  0.22267259 -0.01692227]
Traceback (most recent call last):
  File "main.py", line 42, in <module>
    application.listen(8888)
  File "/usr/lib/python2.7/dist-packages/tornado/web.py", line 1463, in listen
    server.listen(port, address)
  File "/usr/lib/python2.7/dist-packages/tornado/tcpserver.py", line 117, in listen
    sockets = bind_sockets(port, address=address)
  File "/usr/lib/python2.7/dist-packages/tornado/netutil.py", line 90, in bind_sockets
    sock.bind(sockaddr)
  File "/usr/lib/python2.7/socket.py", line 224, in meth
    return getattr(self._sock,name)(*args)
socket.error: [Errno 98] Address already in use
Number of training patterns: 263
Input and output dimensions: 41, 10
Hidden neurons: 5
First sample (input, target, class):
Total error:  0.143652740781
Total error:  0.0550896794007
Total error:  0.048432256553
Total error:  0.0443028375855
Total error:  0.0417573035782
Total error:  0.0397809504321
Total error:  0.0381701342372
Total error:  0.037007334459
Total error:  0.0360622610903
Total error:  0.0351464558463
('epoch:   10', '  train error: 49.05%', '  test error: 52.87%')
[-0.02336646 -0.07573383  0.35801328 -0.05886582  0.39729447  0.18490678
 -0.16714204  0.1604426   0.09464172  0.17639162]
Total error:  0.0344865750633
Total error:  0.0338686079333
Total error:  0.0332404152945
Total error:  0.0327752475151
Total error:  0.0323967523486
Total error:  0.0321269358196
Total error:  0.0316023202048
Total error:  0.0314403877577
Total error:  0.0309119199174
Total error:  0.0307967501369
('epoch:   20', '  train error: 40.30%', '  test error: 39.08%')
[ 0.02470014  0.03336631  0.25431647 -0.12622317  0.34114133  0.16075875
 -0.15586461  0.31831565  0.08681156  0.12227194]
Total error:  0.0305550772156
Total error:  0.0303152339762
Total error:  0.0300819879355
Total error:  0.0299319237835
Total error:  0.0297303696813
Total error:  0.0295474265838
Total error:  0.0293372109117
Total error:  0.0291710084889
Total error:  0.0290651915778
Total error:  0.028839190951
('epoch:   30', '  train error: 29.66%', '  test error: 31.03%')
[ 0.04247201  0.08413063  0.19992863 -0.12774839  0.31344693  0.11280694
 -0.14018018  0.39931785  0.07188776  0.10378861]
Total error:  0.0287566498191
Total error:  0.0285223099329
Total error:  0.0282974994664
Total error:  0.0283091284601
Total error:  0.0280955960133
Total error:  0.0278745273846
Total error:  0.0277705975816
Total error:  0.0275805384027
Total error:  0.0274845572671
Total error:  0.0273812722503
('epoch:   40', '  train error:  9.13%', '  test error: 12.64%')
[ 0.09146143  0.07031429  0.17052652 -0.09391743  0.23510085  0.10423013
 -0.12422881  0.41905775  0.09904199  0.11118997]
Total error:  0.0271965546602
Total error:  0.0270923982954
Total error:  0.0268731637136
Total error:  0.026701051678
Total error:  0.026566316879
Total error:  0.0264060468356
Total error:  0.0262481174961
Total error:  0.0260553450053
Total error:  0.0260043683922
Total error:  0.025755362554
('epoch:   50', '  train error: 28.90%', '  test error: 33.33%')
[ 0.0765762   0.07250558  0.17040591 -0.02238355  0.19847901  0.04528732
 -0.10972324  0.44947433  0.11118492  0.08100752]
Total error:  0.0256991772132
Total error:  0.025550656344
Total error:  0.0254106918372
Total error:  0.0252513358175
Total error:  0.0250298460203
Total error:  0.0251646895842
Total error:  0.0248625236304
Total error:  0.0249453895864
Total error:  0.0248101698348
Total error:  0.0247478705968
('epoch:   60', '  train error: 28.90%', '  test error: 33.33%')
[ 0.07678415  0.07034862  0.10312695  0.04124704  0.21172872  0.03135905
 -0.14773167  0.47437601  0.0999652   0.092722  ]
Total error:  0.0247187036402
Total error:  0.0245870401801
Total error:  0.0245132315522
Total error:  0.0244304975392
Total error:  0.0244611062515
Total error:  0.0243745288647
Total error:  0.0243349529187
Total error:  0.024407318618
Total error:  0.024297335768
Total error:  0.0242900393034
('epoch:   70', '  train error: 20.53%', '  test error: 18.39%')
[ 0.10263497  0.07446275  0.0312895   0.09556026  0.21185511  0.00628002
 -0.17490617  0.44651142  0.15838185  0.07339532]
Total error:  0.0241054555992
Total error:  0.0241544622589
Total error:  0.0241105709749
Total error:  0.0240788422413
Total error:  0.0241881863118
Total error:  0.0240986414275
Total error:  0.0240487635355
Total error:  0.0240771323245
Total error:  0.0239726628161
Total error:  0.0240200523008
('epoch:   80', '  train error: 36.88%', '  test error: 49.43%')
[ 0.07345269  0.06822675  0.06645867  0.13732177  0.16692138 -0.03982058
 -0.15985168  0.48685002  0.13969347  0.0755936 ]
Total error:  0.0239492039246
Total error:  0.0239387632335
Total error:  0.0240132188896
Total error:  0.024007331969
Total error:  0.0238535052648
Total error:  0.0239798676161
Total error:  0.0238533714166
Total error:  0.0238359218212
Total error:  0.0238728079873
Total error:  0.0238354790262
('epoch:   90', '  train error: 28.90%', '  test error: 33.33%')
[ 0.07166029  0.06685116 -0.04657609  0.14663897  0.17677692  0.00760079
 -0.14638069  0.46701943  0.16958754  0.09013252]
Total error:  0.0238067859874
Total error:  0.0238573163564
Total error:  0.0238180021224
Total error:  0.0238116701097
Total error:  0.0238425184863
Total error:  0.0238184335493
Total error:  0.0236545141589
Total error:  0.0238551539839
Total error:  0.0237412111774
Total error:  0.0238897678517
('epoch:  100', '  train error: 36.88%', '  test error: 49.43%')
[ 0.09191976  0.06884778 -0.00764071  0.16129941  0.15190443 -0.0526053
 -0.17288058  0.46812988  0.1807416   0.10827152]
Total error:  0.0237990595875
Total error:  0.023768016779
Total error:  0.0237658625736
Total error:  0.0237687853877
Total error:  0.0237827089002
Total error:  0.0237036036795
Total error:  0.0236590599188
Total error:  0.0237434210521
Total error:  0.0237072527387
Total error:  0.0237201961408
('epoch:  110', '  train error: 18.25%', '  test error: 25.29%')
[ 0.13587128  0.10887744 -0.05830323  0.1643057   0.12682495 -0.04286729
 -0.16511081  0.45888002  0.22054802  0.05355154]
Total error:  0.0237240848325
Total error:  0.023689460299
Total error:  0.023683448817
Total error:  0.0236521514983
Total error:  0.02366684855
Total error:  0.0236475379859
Total error:  0.0236876029071
Total error:  0.0236597602283
Total error:  0.023567050599
Total error:  0.0236909028062
('epoch:  120', '  train error: 28.90%', '  test error: 33.33%')
[ 0.07190285  0.11328044 -0.07478369  0.20248436  0.1198972  -0.0574454
 -0.13379909  0.46498043  0.1722801   0.11845802]
Total error:  0.023693354595
Total error:  0.0236017543066
Total error:  0.0234968266048
Total error:  0.0236363452801
Total error:  0.0236058086091
Total error:  0.0236814005081
Total error:  0.0236161986373
Total error:  0.0235634979244
Total error:  0.0236867260167
Total error:  0.0236225251896
('epoch:  130', '  train error: 28.90%', '  test error: 33.33%')
[ 0.06400327  0.09768373 -0.09418857  0.21700607  0.10451277 -0.02403254
 -0.1536521   0.46775678  0.20460981  0.11428247]
Total error:  0.0235532035567
Total error:  0.0236572838905
Total error:  0.0235317587159
Total error:  0.0236736703278
Total error:  0.0236288116673
Total error:  0.0235723811189
Total error:  0.0235687474853
Total error:  0.0236237803624
Total error:  0.0236352199382
Total error:  0.0234836670735
('epoch:  140', '  train error: 26.24%', '  test error: 41.38%')
[ 0.12455753  0.08557219 -0.07774496  0.20708703  0.10192554 -0.06526369
 -0.19868619  0.44754297  0.27909409  0.09130883]
Total error:  0.0235993901548
Total error:  0.02358868056
Total error:  0.023557545939
Total error:  0.0235725386863
Total error:  0.0235889373925
Total error:  0.0236068409772
Total error:  0.023476581392
Total error:  0.0235988334183
Total error:  0.023572596394
Total error:  0.0234635033887
('epoch:  150', '  train error: 20.15%', '  test error: 19.54%')
[ 0.06594509  0.0856124  -0.0813082   0.19906156  0.13479866 -0.04998767
 -0.16748087  0.42927766  0.22488549  0.15266039]
Total error:  0.0235256806583
Total error:  0.0236114326181
Total error:  0.0234747710258
Total error:  0.0235497988968
Total error:  0.0235135460185
Total error:  0.0236061219144
Total error:  0.023621721047
Total error:  0.0235543349779
Total error:  0.0236044318004
Total error:  0.0235030258954
('epoch:  160', '  train error: 28.90%', '  test error: 33.33%')
[ 0.11852494  0.10144235 -0.13023051  0.21237125  0.10557323 -0.02876913
 -0.16454252  0.46778834  0.19476943  0.11406759]
Total error:  0.0235474985835
Total error:  0.0234910450151
Total error:  0.0235385106822
Total error:  0.0235444277676
Total error:  0.0235923246469
Total error:  0.0235346667295
Total error:  0.0235285890477
Total error:  0.0235312395648
Total error:  0.0235534835978
Total error:  0.INFO:tornado.access:200 POST / (92.115.141.176) 7.07ms
INFO:tornado.access:200 POST / (92.115.141.176) 74.75ms
INFO:tornado.access:200 POST / (92.115.141.176) 10.56ms
ERROR:tornado.application:Uncaught exception POST / (37.233.26.47)
HTTPRequest(protocol='http', host='188.226.248.47:8888', method='POST', uri='/', version='HTTP/1.1', remote_ip='37.233.26.47', headers={'Content-Length': '8258', 'Host': '188.226.248.47:8888', 'Accept-Encoding': 'gzip', 'Content-Type': 'application/x-www-form-urlencoded', 'Connection': 'Keep-Alive', 'User-Agent': 'Dalvik/1.6.0 (Linux; U; Android 4.0.4; SCH-S735C Build/IMM76D)'})
Traceback (most recent call last):
  File "/usr/lib/python2.7/dist-packages/tornado/web.py", line 1141, in _when_complete
    callback()
  File "/usr/lib/python2.7/dist-packages/tornado/web.py", line 1162, in _execute_method
    self._when_complete(method(*self.path_args, **self.path_kwargs),
  File "main.py", line 25, in post
    survey = [int(x) for x in survey.split(" ")]
ValueError: invalid literal for int() with base 10: 'null'
ERROR:tornado.access:500 POST / (37.233.26.47) 14.36ms
ERROR:tornado.application:Uncaught exception POST / (37.233.26.47)
HTTPRequest(protocol='http', host='188.226.248.47:8888', method='POST', uri='/', version='HTTP/1.1', remote_ip='37.233.26.47', headers={'Content-Length': '8258', 'Host': '188.226.248.47:8888', 'Accept-Encoding': 'gzip', 'Content-Type': 'application/x-www-form-urlencoded', 'Connection': 'Keep-Alive', 'User-Agent': 'Dalvik/1.6.0 (Linux; U; Android 4.0.4; SCH-S735C Build/IMM76D)'})
Traceback (most recent call last):
  File "/usr/lib/python2.7/dist-packages/tornado/web.py", line 1141, in _when_complete
    callback()
  File "/usr/lib/python2.7/dist-packages/tornado/web.py", line 1162, in _execute_method
    self._when_complete(method(*self.path_args, **self.path_kwargs),
  File "main.py", line 25, in post
    survey = [int(x) for x in survey.split(" ")]
ValueError: invalid literal for int() with base 10: 'null'
ERROR:tornado.access:500 POST / (37.233.26.47) 5.60ms
ERROR:tornado.application:Uncaught exception POST / (37.233.26.47)
HTTPRequest(protocol='http', host='188.226.248.47:8888', method='POST', uri='/', version='HTTP/1.1', remote_ip='37.233.26.47', headers={'Content-Length': '8258', 'Host': '188.226.248.47:8888', 'Accept-Encoding': 'gzip', 'Content-Type': 'application/x-www-form-urlencoded', 'Connection': 'Keep-Alive', 'User-Agent': 'Dalvik/1.6.0 (Linux; U; Android 4.0.4; SCH-S735C Build/IMM76D)'})
Traceback (most recent call last):
  File "/usr/lib/python2.7/dist-packages/tornado/web.py", line 1141, in _when_complete
    callback()
  File "/usr/lib/python2.7/dist-packages/tornado/web.py", line 1162, in _execute_method
    self._when_complete(method(*self.path_args, **self.path_kwargs),
  File "main.py", line 25, in post
    survey = [int(x) for x in survey.split(" ")]
ValueError: invalid literal for int() with base 10: 'null'
ERROR:tornado.access:500 POST / (37.233.26.47) 12.51ms
INFO:tornado.access:200 POST / (37.233.26.47) 17.18ms
INFO:tornado.access:200 POST / (94.139.130.197) 7.16ms
INFO:tornado.access:200 POST / (94.139.130.197) 2.08ms
INFO:tornado.access:200 POST / (94.139.130.197) 5.70ms
